{"level":"info","message":"identity service is running on port 3001","service":"identity-service","timestamp":"2025-02-17T13:53:05.571Z"}
{"level":"info","message":"Connected to mongodb","service":"identity-service","timestamp":"2025-02-17T13:53:05.661Z"}
{"level":"info","message":"Received POST request to /api/auth/register","service":"identity-service","timestamp":"2025-02-17T13:58:10.022Z"}
{"level":"info","message":"Request Body, [object Object]","service":"identity-service","timestamp":"2025-02-17T13:58:10.026Z"}
{"level":"info","message":"Registration endpoint hit....","service":"identity-service","timestamp":"2025-02-17T13:58:10.046Z"}
{"buffer":{"data":[103,179,64,114,128,149,158,44,63,141,61,170],"type":"Buffer"},"level":"warn","message":"User saved successfully","service":"identity-service","timestamp":"2025-02-17T13:58:10.331Z"}
{"level":"info","message":"Received POST request to /api/auth/register","service":"identity-service","timestamp":"2025-02-17T14:02:21.158Z"}
{"level":"info","message":"Request Body, [object Object]","service":"identity-service","timestamp":"2025-02-17T14:02:21.161Z"}
{"level":"info","message":"Registration endpoint hit....","service":"identity-service","timestamp":"2025-02-17T14:02:21.165Z"}
{"level":"warn","message":"User already exists","service":"identity-service","timestamp":"2025-02-17T14:02:21.176Z"}
{"level":"info","message":"Received POST request to /api/auth/register","service":"identity-service","timestamp":"2025-02-17T14:02:28.570Z"}
{"level":"info","message":"Request Body, [object Object]","service":"identity-service","timestamp":"2025-02-17T14:02:28.571Z"}
{"level":"info","message":"Registration endpoint hit....","service":"identity-service","timestamp":"2025-02-17T14:02:28.576Z"}
{"level":"warn","message":"User already exists","service":"identity-service","timestamp":"2025-02-17T14:02:28.584Z"}
{"level":"info","message":"Received POST request to /api/auth/register","service":"identity-service","timestamp":"2025-02-17T14:02:33.673Z"}
{"level":"info","message":"Request Body, [object Object]","service":"identity-service","timestamp":"2025-02-17T14:02:33.674Z"}
{"level":"info","message":"Registration endpoint hit....","service":"identity-service","timestamp":"2025-02-17T14:02:33.678Z"}
{"level":"warn","message":"User already exists","service":"identity-service","timestamp":"2025-02-17T14:02:33.687Z"}
{"level":"info","message":"Received POST request to /api/auth/register","service":"identity-service","timestamp":"2025-02-17T14:02:45.009Z"}
{"level":"info","message":"Request Body, [object Object]","service":"identity-service","timestamp":"2025-02-17T14:02:45.011Z"}
{"level":"info","message":"Registration endpoint hit....","service":"identity-service","timestamp":"2025-02-17T14:02:45.015Z"}
{"buffer":{"data":[103,179,65,133,128,149,158,44,63,141,61,178],"type":"Buffer"},"level":"warn","message":"User saved successfully","service":"identity-service","timestamp":"2025-02-17T14:02:45.211Z"}
{"level":"info","message":"identity service is running on port 3001","service":"identity-service","timestamp":"2025-02-17T14:07:19.918Z"}
{"level":"info","message":"Connected to mongodb","service":"identity-service","timestamp":"2025-02-17T14:07:19.995Z"}
{"level":"info","message":"Received POST request to /api/auth/register","service":"identity-service","timestamp":"2025-02-17T14:07:23.931Z"}
{"level":"info","message":"Request Body, [object Object]","service":"identity-service","timestamp":"2025-02-17T14:07:23.933Z"}
{"level":"info","message":"Registration endpoint hit....","service":"identity-service","timestamp":"2025-02-17T14:07:23.943Z"}
{"level":"warn","message":"User already exists","service":"identity-service","timestamp":"2025-02-17T14:07:23.987Z"}
{"level":"info","message":"Received POST request to /api/auth/register","service":"identity-service","timestamp":"2025-02-17T14:07:36.051Z"}
{"level":"info","message":"Request Body, [object Object]","service":"identity-service","timestamp":"2025-02-17T14:07:36.053Z"}
{"level":"info","message":"Registration endpoint hit....","service":"identity-service","timestamp":"2025-02-17T14:07:36.057Z"}
{"level":"warn","message":"User already exists","service":"identity-service","timestamp":"2025-02-17T14:07:36.069Z"}
{"level":"info","message":"Received POST request to /api/auth/register","service":"identity-service","timestamp":"2025-02-17T14:07:38.858Z"}
{"level":"info","message":"Request Body, [object Object]","service":"identity-service","timestamp":"2025-02-17T14:07:38.860Z"}
{"level":"info","message":"Registration endpoint hit....","service":"identity-service","timestamp":"2025-02-17T14:07:38.865Z"}
{"buffer":{"data":[103,179,66,170,213,99,152,241,59,12,141,153],"type":"Buffer"},"level":"warn","message":"User saved successfully","service":"identity-service","timestamp":"2025-02-17T14:07:39.095Z"}
{"level":"info","message":"identity service is running on port 3001","service":"identity-service","timestamp":"2025-02-17T14:27:37.724Z"}
{"level":"info","message":"Connected to mongodb","service":"identity-service","timestamp":"2025-02-17T14:27:37.801Z"}
{"level":"info","message":"identity service is running on port 3001","service":"identity-service","timestamp":"2025-02-17T14:28:58.188Z"}
{"level":"info","message":"Connected to mongodb","service":"identity-service","timestamp":"2025-02-17T14:28:58.268Z"}
{"level":"info","message":"Received POST request to /api/auth/register","service":"identity-service","timestamp":"2025-02-17T14:29:07.539Z"}
{"level":"info","message":"Request Body, [object Object]","service":"identity-service","timestamp":"2025-02-17T14:29:07.540Z"}
{"level":"info","message":"Registration endpoint hit....","service":"identity-service","timestamp":"2025-02-17T14:29:07.550Z"}
{"level":"error","message":"Registration error occured Cannot read properties of undefined (reading '0')","service":"identity-service","stack":"TypeError: Cannot read properties of undefined (reading '0')\n    at registerUser (file:///C:/social_media_microservices/identity-service/src/controllers/identity-controller.js:16:56)\n    at Layer.handle [as handle_request] (C:\\social_media_microservices\\identity-service\\node_modules\\express\\lib\\router\\layer.js:95:5)\n    at next (C:\\social_media_microservices\\identity-service\\node_modules\\express\\lib\\router\\route.js:149:13)\n    at Route.dispatch (C:\\social_media_microservices\\identity-service\\node_modules\\express\\lib\\router\\route.js:119:3)\n    at Layer.handle [as handle_request] (C:\\social_media_microservices\\identity-service\\node_modules\\express\\lib\\router\\layer.js:95:5)\n    at C:\\social_media_microservices\\identity-service\\node_modules\\express\\lib\\router\\index.js:284:15\n    at Function.process_params (C:\\social_media_microservices\\identity-service\\node_modules\\express\\lib\\router\\index.js:346:12)\n    at next (C:\\social_media_microservices\\identity-service\\node_modules\\express\\lib\\router\\index.js:280:10)\n    at Function.handle (C:\\social_media_microservices\\identity-service\\node_modules\\express\\lib\\router\\index.js:175:3)\n    at router (C:\\social_media_microservices\\identity-service\\node_modules\\express\\lib\\router\\index.js:47:12)","timestamp":"2025-02-17T14:29:07.581Z"}
{"level":"info","message":"Received POST request to /api/auth/register","service":"identity-service","timestamp":"2025-02-17T14:29:28.689Z"}
{"level":"info","message":"Request Body, [object Object]","service":"identity-service","timestamp":"2025-02-17T14:29:28.690Z"}
{"level":"info","message":"Registration endpoint hit....","service":"identity-service","timestamp":"2025-02-17T14:29:28.694Z"}
{"level":"error","message":"Registration error occured Cannot read properties of undefined (reading '0')","service":"identity-service","stack":"TypeError: Cannot read properties of undefined (reading '0')\n    at registerUser (file:///C:/social_media_microservices/identity-service/src/controllers/identity-controller.js:16:56)\n    at Layer.handle [as handle_request] (C:\\social_media_microservices\\identity-service\\node_modules\\express\\lib\\router\\layer.js:95:5)\n    at next (C:\\social_media_microservices\\identity-service\\node_modules\\express\\lib\\router\\route.js:149:13)\n    at Route.dispatch (C:\\social_media_microservices\\identity-service\\node_modules\\express\\lib\\router\\route.js:119:3)\n    at Layer.handle [as handle_request] (C:\\social_media_microservices\\identity-service\\node_modules\\express\\lib\\router\\layer.js:95:5)\n    at C:\\social_media_microservices\\identity-service\\node_modules\\express\\lib\\router\\index.js:284:15\n    at Function.process_params (C:\\social_media_microservices\\identity-service\\node_modules\\express\\lib\\router\\index.js:346:12)\n    at next (C:\\social_media_microservices\\identity-service\\node_modules\\express\\lib\\router\\index.js:280:10)\n    at Function.handle (C:\\social_media_microservices\\identity-service\\node_modules\\express\\lib\\router\\index.js:175:3)\n    at router (C:\\social_media_microservices\\identity-service\\node_modules\\express\\lib\\router\\index.js:47:12)","timestamp":"2025-02-17T14:29:28.701Z"}
{"level":"info","message":"Received POST request to /api/auth/register","service":"identity-service","timestamp":"2025-02-17T14:29:51.098Z"}
{"level":"info","message":"Request Body, [object Object]","service":"identity-service","timestamp":"2025-02-17T14:29:51.101Z"}
{"level":"info","message":"Registration endpoint hit....","service":"identity-service","timestamp":"2025-02-17T14:29:51.104Z"}
{"level":"error","message":"Registration error occured Cannot read properties of undefined (reading '0')","service":"identity-service","stack":"TypeError: Cannot read properties of undefined (reading '0')\n    at registerUser (file:///C:/social_media_microservices/identity-service/src/controllers/identity-controller.js:16:56)\n    at Layer.handle [as handle_request] (C:\\social_media_microservices\\identity-service\\node_modules\\express\\lib\\router\\layer.js:95:5)\n    at next (C:\\social_media_microservices\\identity-service\\node_modules\\express\\lib\\router\\route.js:149:13)\n    at Route.dispatch (C:\\social_media_microservices\\identity-service\\node_modules\\express\\lib\\router\\route.js:119:3)\n    at Layer.handle [as handle_request] (C:\\social_media_microservices\\identity-service\\node_modules\\express\\lib\\router\\layer.js:95:5)\n    at C:\\social_media_microservices\\identity-service\\node_modules\\express\\lib\\router\\index.js:284:15\n    at Function.process_params (C:\\social_media_microservices\\identity-service\\node_modules\\express\\lib\\router\\index.js:346:12)\n    at next (C:\\social_media_microservices\\identity-service\\node_modules\\express\\lib\\router\\index.js:280:10)\n    at Function.handle (C:\\social_media_microservices\\identity-service\\node_modules\\express\\lib\\router\\index.js:175:3)\n    at router (C:\\social_media_microservices\\identity-service\\node_modules\\express\\lib\\router\\index.js:47:12)","timestamp":"2025-02-17T14:29:51.114Z"}
{"level":"info","message":"Received POST request to /api/auth/register","service":"identity-service","timestamp":"2025-02-17T15:59:51.168Z"}
{"level":"info","message":"Request Body, [object Object]","service":"identity-service","timestamp":"2025-02-17T15:59:51.196Z"}
{"level":"info","message":"Registration endpoint hit....","service":"identity-service","timestamp":"2025-02-17T15:59:51.212Z"}
{"level":"error","message":"Registration error occured Cannot read properties of undefined (reading '0')","service":"identity-service","stack":"TypeError: Cannot read properties of undefined (reading '0')\n    at registerUser (file:///C:/social_media_microservices/identity-service/src/controllers/identity-controller.js:16:56)\n    at Layer.handle [as handle_request] (C:\\social_media_microservices\\identity-service\\node_modules\\express\\lib\\router\\layer.js:95:5)\n    at next (C:\\social_media_microservices\\identity-service\\node_modules\\express\\lib\\router\\route.js:149:13)\n    at Route.dispatch (C:\\social_media_microservices\\identity-service\\node_modules\\express\\lib\\router\\route.js:119:3)\n    at Layer.handle [as handle_request] (C:\\social_media_microservices\\identity-service\\node_modules\\express\\lib\\router\\layer.js:95:5)\n    at C:\\social_media_microservices\\identity-service\\node_modules\\express\\lib\\router\\index.js:284:15\n    at Function.process_params (C:\\social_media_microservices\\identity-service\\node_modules\\express\\lib\\router\\index.js:346:12)\n    at next (C:\\social_media_microservices\\identity-service\\node_modules\\express\\lib\\router\\index.js:280:10)\n    at Function.handle (C:\\social_media_microservices\\identity-service\\node_modules\\express\\lib\\router\\index.js:175:3)\n    at router (C:\\social_media_microservices\\identity-service\\node_modules\\express\\lib\\router\\index.js:47:12)","timestamp":"2025-02-17T15:59:51.229Z"}
{"level":"info","message":"identity service is running on port 3001","service":"identity-service","timestamp":"2025-02-17T16:01:23.074Z"}
{"level":"info","message":"Connected to mongodb","service":"identity-service","timestamp":"2025-02-17T16:01:23.133Z"}
{"level":"info","message":"Received POST request to /api/auth/register","service":"identity-service","timestamp":"2025-02-17T16:01:25.497Z"}
{"level":"info","message":"Request Body, [object Object]","service":"identity-service","timestamp":"2025-02-17T16:01:25.498Z"}
{"level":"info","message":"Registration endpoint hit....","service":"identity-service","timestamp":"2025-02-17T16:01:25.506Z"}
{"0":"\"","1":"p","10":" ","11":"l","12":"e","13":"n","14":"g","15":"t","16":"h","17":" ","18":"m","19":"u","2":"a","20":"s","21":"t","22":" ","23":"b","24":"e","25":" ","26":"a","27":"t","28":" ","29":"l","3":"s","30":"e","31":"a","32":"s","33":"t","34":" ","35":"6","36":" ","37":"c","38":"h","39":"a","4":"s","40":"r","41":"a","42":"c","43":"t","44":"e","45":"r","46":"s","47":" ","48":"l","49":"o","5":"w","50":"n","51":"g","6":"o","7":"r","8":"d","9":"\"","level":"warn","message":"Validation error","service":"identity-service","timestamp":"2025-02-17T16:01:25.531Z"}
{"level":"info","message":"Received POST request to /api/auth/register","service":"identity-service","timestamp":"2025-02-17T16:02:06.535Z"}
{"level":"info","message":"Request Body, [object Object]","service":"identity-service","timestamp":"2025-02-17T16:02:06.536Z"}
{"level":"info","message":"Registration endpoint hit....","service":"identity-service","timestamp":"2025-02-17T16:02:06.540Z"}
{"0":"\"","1":"e","10":"s","11":"t","12":" ","13":"b","14":"e","15":" ","16":"a","17":" ","18":"v","19":"a","2":"m","20":"l","21":"i","22":"d","23":" ","24":"e","25":"m","26":"a","27":"i","28":"l","3":"a","4":"i","5":"l","6":"\"","7":" ","8":"m","9":"u","level":"warn","message":"Validation error","service":"identity-service","timestamp":"2025-02-17T16:02:06.549Z"}
{"level":"info","message":"identity service is running on port 3001","service":"identity-service","timestamp":"2025-02-18T06:53:20.909Z"}
{"level":"info","message":"Connected to mongodb","service":"identity-service","timestamp":"2025-02-18T06:53:20.950Z"}
{"level":"info","message":"Received POST request to /api/auth/register","service":"identity-service","timestamp":"2025-02-18T07:29:21.260Z"}
{"level":"info","message":"Request Body, [object Object]","service":"identity-service","timestamp":"2025-02-18T07:29:21.269Z"}
{"level":"info","message":"Registration endpoint hit....","service":"identity-service","timestamp":"2025-02-18T07:29:21.283Z"}
{"0":"\"","1":"e","10":"s","11":"t","12":" ","13":"b","14":"e","15":" ","16":"a","17":" ","18":"v","19":"a","2":"m","20":"l","21":"i","22":"d","23":" ","24":"e","25":"m","26":"a","27":"i","28":"l","3":"a","4":"i","5":"l","6":"\"","7":" ","8":"m","9":"u","level":"warn","message":"Validation error","service":"identity-service","timestamp":"2025-02-18T07:29:21.318Z"}
{"level":"info","message":"Received POST request to /api/auth/register","service":"identity-service","timestamp":"2025-02-18T07:29:30.031Z"}
{"level":"info","message":"Request Body, [object Object]","service":"identity-service","timestamp":"2025-02-18T07:29:30.032Z"}
{"level":"info","message":"Registration endpoint hit....","service":"identity-service","timestamp":"2025-02-18T07:29:30.038Z"}
{"0":"\"","1":"p","10":" ","11":"l","12":"e","13":"n","14":"g","15":"t","16":"h","17":" ","18":"m","19":"u","2":"a","20":"s","21":"t","22":" ","23":"b","24":"e","25":" ","26":"a","27":"t","28":" ","29":"l","3":"s","30":"e","31":"a","32":"s","33":"t","34":" ","35":"6","36":" ","37":"c","38":"h","39":"a","4":"s","40":"r","41":"a","42":"c","43":"t","44":"e","45":"r","46":"s","47":" ","48":"l","49":"o","5":"w","50":"n","51":"g","6":"o","7":"r","8":"d","9":"\"","level":"warn","message":"Validation error","service":"identity-service","timestamp":"2025-02-18T07:29:30.048Z"}
{"level":"info","message":"Received POST request to /api/auth/register","service":"identity-service","timestamp":"2025-02-18T07:29:34.093Z"}
{"level":"info","message":"Request Body, [object Object]","service":"identity-service","timestamp":"2025-02-18T07:29:34.095Z"}
{"level":"info","message":"Registration endpoint hit....","service":"identity-service","timestamp":"2025-02-18T07:29:34.100Z"}
{"level":"warn","message":"User already exists","service":"identity-service","timestamp":"2025-02-18T07:29:34.149Z"}
{"level":"info","message":"Received POST request to /api/auth/register","service":"identity-service","timestamp":"2025-02-18T07:29:39.947Z"}
{"level":"info","message":"Request Body, [object Object]","service":"identity-service","timestamp":"2025-02-18T07:29:39.948Z"}
{"level":"info","message":"Registration endpoint hit....","service":"identity-service","timestamp":"2025-02-18T07:29:39.954Z"}
{"buffer":{"data":[103,180,54,227,214,184,67,78,28,173,87,93],"type":"Buffer"},"level":"warn","message":"User saved successfully","service":"identity-service","timestamp":"2025-02-18T07:29:40.183Z"}
{"level":"info","message":"identity service is running on port 3001","service":"identity-service","timestamp":"2025-02-18T10:07:27.059Z"}
{"level":"info","message":"Connected to mongodb","service":"identity-service","timestamp":"2025-02-18T10:07:27.118Z"}
{"level":"info","message":"identity service is running on port 3001","service":"identity-service","timestamp":"2025-02-18T10:12:56.978Z"}
{"level":"info","message":"Connected to mongodb","service":"identity-service","timestamp":"2025-02-18T10:12:57.052Z"}
{"level":"info","message":"identity service is running on port 3001","service":"identity-service","timestamp":"2025-02-18T10:14:35.256Z"}
{"level":"info","message":"Connected to mongodb","service":"identity-service","timestamp":"2025-02-18T10:14:35.338Z"}
{"level":"info","message":"identity service is running on port 3001","service":"identity-service","timestamp":"2025-02-18T10:15:08.673Z"}
{"level":"info","message":"Connected to mongodb","service":"identity-service","timestamp":"2025-02-18T10:15:08.756Z"}
{"level":"info","message":"identity service is running on port 3001","service":"identity-service","timestamp":"2025-02-18T10:15:30.644Z"}
{"level":"info","message":"Connected to mongodb","service":"identity-service","timestamp":"2025-02-18T10:15:30.702Z"}
{"level":"info","message":"identity service is running on port 3001","service":"identity-service","timestamp":"2025-02-18T10:16:18.923Z"}
{"level":"info","message":"Connected to mongodb","service":"identity-service","timestamp":"2025-02-18T10:16:19.001Z"}
{"level":"info","message":"identity service is running on port 3001","service":"identity-service","timestamp":"2025-02-18T10:17:44.583Z"}
{"level":"info","message":"Connected to mongodb","service":"identity-service","timestamp":"2025-02-18T10:17:44.646Z"}
{"level":"info","message":"identity service is running on port 3001","service":"identity-service","timestamp":"2025-02-18T10:18:44.569Z"}
{"level":"info","message":"Connected to mongodb","service":"identity-service","timestamp":"2025-02-18T10:18:44.637Z"}
{"level":"info","message":"identity service is running on port 3001","service":"identity-service","timestamp":"2025-02-18T10:19:08.851Z"}
{"level":"info","message":"Connected to mongodb","service":"identity-service","timestamp":"2025-02-18T10:19:08.945Z"}
{"level":"info","message":"identity service is running on port 3001","service":"identity-service","timestamp":"2025-02-18T10:20:35.227Z"}
{"level":"info","message":"Connected to mongodb","service":"identity-service","timestamp":"2025-02-18T10:20:35.339Z"}
{"level":"info","message":"identity service is running on port 3001","service":"identity-service","timestamp":"2025-02-18T10:22:24.207Z"}
{"level":"info","message":"Connected to mongodb","service":"identity-service","timestamp":"2025-02-18T10:22:24.366Z"}
{"level":"info","message":"identity service is running on port 3001","service":"identity-service","timestamp":"2025-02-18T10:23:08.919Z"}
{"level":"info","message":"Connected to mongodb","service":"identity-service","timestamp":"2025-02-18T10:23:08.991Z"}
{"level":"info","message":"identity service is running on port 3001","service":"identity-service","timestamp":"2025-02-18T10:23:43.707Z"}
{"level":"info","message":"Connected to mongodb","service":"identity-service","timestamp":"2025-02-18T10:23:43.777Z"}
{"level":"info","message":"identity service is running on port 3001","service":"identity-service","timestamp":"2025-02-18T10:26:14.055Z"}
{"level":"info","message":"Connected to mongodb","service":"identity-service","timestamp":"2025-02-18T10:26:14.118Z"}
{"level":"info","message":"identity service is running on port 3001","service":"identity-service","timestamp":"2025-02-18T10:27:26.287Z"}
{"level":"info","message":"Connected to mongodb","service":"identity-service","timestamp":"2025-02-18T10:27:26.390Z"}
{"level":"info","message":"identity service is running on port 3001","service":"identity-service","timestamp":"2025-02-18T10:27:52.291Z"}
{"level":"info","message":"Connected to mongodb","service":"identity-service","timestamp":"2025-02-18T10:27:52.366Z"}
{"level":"info","message":"identity service is running on port 3001","service":"identity-service","timestamp":"2025-02-18T10:28:39.953Z"}
{"level":"info","message":"Connected to mongodb","service":"identity-service","timestamp":"2025-02-18T10:28:40.041Z"}
{"level":"info","message":"identity service is running on port 3001","service":"identity-service","timestamp":"2025-02-18T10:29:40.284Z"}
{"level":"info","message":"Connected to mongodb","service":"identity-service","timestamp":"2025-02-18T10:29:40.382Z"}
{"level":"info","message":"Received POST request to /api/auth/login","service":"identity-service","timestamp":"2025-02-18T10:31:15.061Z"}
{"level":"info","message":"Request Body, [object Object]","service":"identity-service","timestamp":"2025-02-18T10:31:15.063Z"}
{"level":"info","message":"Login endpoint hit....","service":"identity-service","timestamp":"2025-02-18T10:31:15.116Z"}
{"level":"info","message":"identity service is running on port 3001","service":"identity-service","timestamp":"2025-02-18T11:16:15.614Z"}
{"level":"info","message":"Connected to mongodb","service":"identity-service","timestamp":"2025-02-18T11:16:15.720Z"}
{"level":"info","message":"identity service is running on port 3001","service":"identity-service","timestamp":"2025-02-18T11:16:36.292Z"}
{"level":"info","message":"Connected to mongodb","service":"identity-service","timestamp":"2025-02-18T11:16:36.377Z"}
{"level":"info","message":"identity service is running on port 3001","service":"identity-service","timestamp":"2025-02-18T11:17:03.140Z"}
{"level":"info","message":"Connected to mongodb","service":"identity-service","timestamp":"2025-02-18T11:17:03.197Z"}
{"level":"info","message":"identity service is running on port 3001","service":"identity-service","timestamp":"2025-02-18T11:17:53.433Z"}
{"level":"info","message":"Connected to mongodb","service":"identity-service","timestamp":"2025-02-18T11:17:53.511Z"}
{"level":"info","message":"identity service is running on port 3001","service":"identity-service","timestamp":"2025-02-18T11:19:03.706Z"}
{"level":"info","message":"Connected to mongodb","service":"identity-service","timestamp":"2025-02-18T11:19:03.810Z"}
{"level":"info","message":"identity service is running on port 3001","service":"identity-service","timestamp":"2025-02-18T11:19:19.289Z"}
{"level":"info","message":"Connected to mongodb","service":"identity-service","timestamp":"2025-02-18T11:19:19.375Z"}
{"level":"info","message":"identity service is running on port 3001","service":"identity-service","timestamp":"2025-02-18T11:19:47.074Z"}
{"level":"info","message":"Connected to mongodb","service":"identity-service","timestamp":"2025-02-18T11:19:47.200Z"}
{"level":"info","message":"identity service is running on port 3001","service":"identity-service","timestamp":"2025-02-18T11:20:10.352Z"}
{"level":"info","message":"Connected to mongodb","service":"identity-service","timestamp":"2025-02-18T11:20:10.432Z"}
{"level":"info","message":"identity service is running on port 3001","service":"identity-service","timestamp":"2025-02-18T11:20:37.185Z"}
{"level":"info","message":"Connected to mongodb","service":"identity-service","timestamp":"2025-02-18T11:20:37.227Z"}
{"level":"info","message":"identity service is running on port 3001","service":"identity-service","timestamp":"2025-02-18T11:20:49.853Z"}
{"level":"info","message":"Connected to mongodb","service":"identity-service","timestamp":"2025-02-18T11:20:49.916Z"}
{"level":"info","message":"identity service is running on port 3001","service":"identity-service","timestamp":"2025-02-18T11:22:27.975Z"}
{"level":"info","message":"Connected to mongodb","service":"identity-service","timestamp":"2025-02-18T11:22:28.074Z"}
{"level":"info","message":"identity service is running on port 3001","service":"identity-service","timestamp":"2025-02-18T11:23:02.700Z"}
{"level":"info","message":"Connected to mongodb","service":"identity-service","timestamp":"2025-02-18T11:23:02.764Z"}
{"level":"info","message":"identity service is running on port 3001","service":"identity-service","timestamp":"2025-02-18T11:23:17.940Z"}
{"level":"info","message":"Connected to mongodb","service":"identity-service","timestamp":"2025-02-18T11:23:18.008Z"}
{"level":"info","message":"identity service is running on port 3001","service":"identity-service","timestamp":"2025-02-18T11:25:28.409Z"}
{"level":"info","message":"Connected to mongodb","service":"identity-service","timestamp":"2025-02-18T11:25:28.493Z"}
{"level":"info","message":"identity service is running on port 3001","service":"identity-service","timestamp":"2025-02-18T11:25:39.440Z"}
{"level":"info","message":"Connected to mongodb","service":"identity-service","timestamp":"2025-02-18T11:25:39.538Z"}
{"level":"info","message":"identity service is running on port 3001","service":"identity-service","timestamp":"2025-02-18T11:25:56.940Z"}
{"level":"info","message":"Connected to mongodb","service":"identity-service","timestamp":"2025-02-18T11:25:57.030Z"}
{"level":"info","message":"identity service is running on port 3001","service":"identity-service","timestamp":"2025-02-18T11:26:46.477Z"}
{"level":"info","message":"Connected to mongodb","service":"identity-service","timestamp":"2025-02-18T11:26:46.540Z"}
{"level":"info","message":"identity service is running on port 3001","service":"identity-service","timestamp":"2025-02-18T11:26:59.536Z"}
{"level":"info","message":"Connected to mongodb","service":"identity-service","timestamp":"2025-02-18T11:26:59.613Z"}
{"level":"info","message":"identity service is running on port 3001","service":"identity-service","timestamp":"2025-02-18T11:28:17.592Z"}
{"level":"info","message":"Connected to mongodb","service":"identity-service","timestamp":"2025-02-18T11:28:17.714Z"}
{"level":"info","message":"identity service is running on port 3001","service":"identity-service","timestamp":"2025-02-18T11:28:33.625Z"}
{"level":"info","message":"Connected to mongodb","service":"identity-service","timestamp":"2025-02-18T11:28:33.756Z"}
{"level":"info","message":"identity service is running on port 3001","service":"identity-service","timestamp":"2025-02-18T11:28:50.533Z"}
{"level":"info","message":"Connected to mongodb","service":"identity-service","timestamp":"2025-02-18T11:28:50.587Z"}
{"level":"info","message":"identity service is running on port 3001","service":"identity-service","timestamp":"2025-02-18T11:29:52.726Z"}
{"level":"info","message":"Connected to mongodb","service":"identity-service","timestamp":"2025-02-18T11:29:52.799Z"}
{"level":"info","message":"identity service is running on port 3001","service":"identity-service","timestamp":"2025-02-18T11:30:09.890Z"}
{"level":"info","message":"Connected to mongodb","service":"identity-service","timestamp":"2025-02-18T11:30:10.007Z"}
{"level":"info","message":"identity service is running on port 3001","service":"identity-service","timestamp":"2025-02-18T11:30:28.512Z"}
{"level":"info","message":"Connected to mongodb","service":"identity-service","timestamp":"2025-02-18T11:30:28.602Z"}
{"level":"info","message":"identity service is running on port 3001","service":"identity-service","timestamp":"2025-02-18T11:31:34.180Z"}
{"level":"info","message":"Connected to mongodb","service":"identity-service","timestamp":"2025-02-18T11:31:34.255Z"}
{"level":"info","message":"identity service is running on port 3001","service":"identity-service","timestamp":"2025-02-18T11:32:37.821Z"}
{"level":"info","message":"Connected to mongodb","service":"identity-service","timestamp":"2025-02-18T11:32:37.971Z"}
{"level":"info","message":"identity service is running on port 3001","service":"identity-service","timestamp":"2025-02-18T11:35:04.531Z"}
{"level":"info","message":"Connected to mongodb","service":"identity-service","timestamp":"2025-02-18T11:35:04.591Z"}
{"level":"info","message":"identity service is running on port 3001","service":"identity-service","timestamp":"2025-02-18T11:36:32.293Z"}
{"level":"info","message":"Connected to mongodb","service":"identity-service","timestamp":"2025-02-18T11:36:32.399Z"}
{"level":"info","message":"identity service is running on port 3001","service":"identity-service","timestamp":"2025-02-18T11:39:42.895Z"}
{"level":"info","message":"Connected to mongodb","service":"identity-service","timestamp":"2025-02-18T11:39:42.972Z"}
{"level":"info","message":"identity service is running on port 3001","service":"identity-service","timestamp":"2025-02-18T11:40:15.146Z"}
{"level":"info","message":"Connected to mongodb","service":"identity-service","timestamp":"2025-02-18T11:40:15.232Z"}
{"level":"info","message":"identity service is running on port 3001","service":"identity-service","timestamp":"2025-02-18T11:40:30.078Z"}
{"level":"info","message":"Connected to mongodb","service":"identity-service","timestamp":"2025-02-18T11:40:30.154Z"}
{"level":"info","message":"identity service is running on port 3001","service":"identity-service","timestamp":"2025-02-18T11:42:56.525Z"}
{"level":"info","message":"Connected to mongodb","service":"identity-service","timestamp":"2025-02-18T11:42:56.589Z"}
{"level":"info","message":"identity service is running on port 3001","service":"identity-service","timestamp":"2025-02-18T11:43:24.552Z"}
{"level":"info","message":"Connected to mongodb","service":"identity-service","timestamp":"2025-02-18T11:43:24.760Z"}
{"level":"info","message":"identity service is running on port 3001","service":"identity-service","timestamp":"2025-02-18T11:44:22.764Z"}
{"level":"info","message":"Connected to mongodb","service":"identity-service","timestamp":"2025-02-18T11:44:22.854Z"}
{"level":"info","message":"identity service is running on port 3001","service":"identity-service","timestamp":"2025-02-18T11:45:50.328Z"}
{"level":"info","message":"Connected to mongodb","service":"identity-service","timestamp":"2025-02-18T11:45:50.393Z"}
{"level":"info","message":"identity service is running on port 3001","service":"identity-service","timestamp":"2025-02-18T11:46:13.418Z"}
{"level":"info","message":"Connected to mongodb","service":"identity-service","timestamp":"2025-02-18T11:46:13.511Z"}
{"level":"info","message":"identity service is running on port 3001","service":"identity-service","timestamp":"2025-02-18T11:47:09.160Z"}
{"level":"info","message":"Connected to mongodb","service":"identity-service","timestamp":"2025-02-18T11:47:09.219Z"}
{"level":"info","message":"identity service is running on port 3001","service":"identity-service","timestamp":"2025-02-18T11:47:58.919Z"}
{"level":"info","message":"Connected to mongodb","service":"identity-service","timestamp":"2025-02-18T11:47:59.004Z"}
{"level":"info","message":"identity service is running on port 3001","service":"identity-service","timestamp":"2025-02-18T11:49:03.723Z"}
{"level":"info","message":"Connected to mongodb","service":"identity-service","timestamp":"2025-02-18T11:49:03.776Z"}
{"level":"info","message":"identity service is running on port 3001","service":"identity-service","timestamp":"2025-02-18T11:49:46.843Z"}
{"level":"info","message":"Connected to mongodb","service":"identity-service","timestamp":"2025-02-18T11:49:46.895Z"}
{"level":"info","message":"Received POST request to /api/auth/register","service":"identity-service","timestamp":"2025-02-18T11:50:49.766Z"}
{"level":"info","message":"Request Body, [object Object]","service":"identity-service","timestamp":"2025-02-18T11:50:49.768Z"}
{"level":"info","message":"Registration endpoint hit....","service":"identity-service","timestamp":"2025-02-18T11:50:49.814Z"}
{"buffer":{"data":[103,180,116,25,105,60,35,60,81,138,160,246],"type":"Buffer"},"level":"warn","message":"User saved successfully","service":"identity-service","timestamp":"2025-02-18T11:50:50.098Z"}
{"level":"info","message":"Received POST request to /api/auth/register","service":"identity-service","timestamp":"2025-02-18T16:29:27.118Z"}
{"level":"info","message":"Request Body, [object Object]","service":"identity-service","timestamp":"2025-02-18T16:29:27.139Z"}
{"level":"info","message":"Registration endpoint hit....","service":"identity-service","timestamp":"2025-02-18T16:29:27.169Z"}
{"level":"warn","message":"User already exists","service":"identity-service","timestamp":"2025-02-18T16:29:27.232Z"}
{"level":"info","message":"Received POST request to /api/auth/register","service":"identity-service","timestamp":"2025-02-18T16:29:34.750Z"}
{"level":"info","message":"Request Body, [object Object]","service":"identity-service","timestamp":"2025-02-18T16:29:34.751Z"}
{"level":"info","message":"Registration endpoint hit....","service":"identity-service","timestamp":"2025-02-18T16:29:34.754Z"}
{"buffer":{"data":[103,180,181,110,105,60,35,60,81,138,160,252],"type":"Buffer"},"level":"warn","message":"User saved successfully","service":"identity-service","timestamp":"2025-02-18T16:29:34.944Z"}
{"level":"info","message":"identity service is running on port 3001","service":"identity-service","timestamp":"2025-02-19T06:32:35.592Z"}
{"level":"info","message":"Connected to mongodb","service":"identity-service","timestamp":"2025-02-19T06:32:35.655Z"}
{"level":"info","message":"Received POST request to /api/auth/login","service":"identity-service","timestamp":"2025-02-19T11:07:21.280Z"}
{"level":"info","message":"Request Body, [object Object]","service":"identity-service","timestamp":"2025-02-19T11:07:21.289Z"}
{"level":"info","message":"Login endpoint hit....","service":"identity-service","timestamp":"2025-02-19T11:07:21.305Z"}
{"level":"info","message":"Received POST request to /api/auth/login","service":"identity-service","timestamp":"2025-02-19T12:38:21.055Z"}
{"level":"info","message":"Request Body, [object Object]","service":"identity-service","timestamp":"2025-02-19T12:38:21.064Z"}
{"level":"info","message":"Login endpoint hit....","service":"identity-service","timestamp":"2025-02-19T12:38:21.073Z"}
{"level":"info","message":"identity service is running on port 3001","service":"identity-service","timestamp":"2025-02-19T16:05:41.423Z"}
{"level":"info","message":"Connected to mongodb","service":"identity-service","timestamp":"2025-02-19T16:05:41.461Z"}
{"level":"info","message":"Received POST request to /api/auth/login","service":"identity-service","timestamp":"2025-02-19T16:05:51.174Z"}
{"level":"info","message":"Request Body, [object Object]","service":"identity-service","timestamp":"2025-02-19T16:05:51.178Z"}
{"level":"info","message":"Login endpoint hit....","service":"identity-service","timestamp":"2025-02-19T16:05:51.186Z"}
{"level":"info","message":"identity service is running on port 3001","service":"identity-service","timestamp":"2025-02-20T09:22:43.058Z"}
{"level":"info","message":"Connected to mongodb","service":"identity-service","timestamp":"2025-02-20T09:22:43.168Z"}
{"level":"info","message":"Received POST request to /api/auth/login","service":"identity-service","timestamp":"2025-02-20T09:24:12.310Z"}
{"level":"info","message":"Request Body, [object Object]","service":"identity-service","timestamp":"2025-02-20T09:24:12.313Z"}
{"level":"info","message":"Login endpoint hit....","service":"identity-service","timestamp":"2025-02-20T09:24:12.320Z"}
{"level":"info","message":"Received POST request to /api/auth/login","service":"identity-service","timestamp":"2025-02-20T10:31:23.239Z"}
{"level":"info","message":"Request Body, [object Object]","service":"identity-service","timestamp":"2025-02-20T10:31:23.267Z"}
{"level":"info","message":"Login endpoint hit....","service":"identity-service","timestamp":"2025-02-20T10:31:23.278Z"}
{"level":"info","message":"Received POST request to /api/auth/login","service":"identity-service","timestamp":"2025-02-20T11:11:58.821Z"}
{"level":"info","message":"Request Body, [object Object]","service":"identity-service","timestamp":"2025-02-20T11:11:58.852Z"}
{"level":"info","message":"Login endpoint hit....","service":"identity-service","timestamp":"2025-02-20T11:11:58.864Z"}
{"level":"info","message":"Received POST request to /api/auth/login","service":"identity-service","timestamp":"2025-02-20T11:23:08.355Z"}
{"level":"info","message":"Request Body, [object Object]","service":"identity-service","timestamp":"2025-02-20T11:23:08.375Z"}
{"level":"info","message":"Login endpoint hit....","service":"identity-service","timestamp":"2025-02-20T11:23:08.381Z"}
{"level":"info","message":"Received POST request to /api/auth/login","service":"identity-service","timestamp":"2025-02-20T11:36:30.556Z"}
{"level":"info","message":"Request Body, [object Object]","service":"identity-service","timestamp":"2025-02-20T11:36:30.562Z"}
{"level":"info","message":"Login endpoint hit....","service":"identity-service","timestamp":"2025-02-20T11:36:30.568Z"}
{"level":"info","message":"identity service is running on port 3001","service":"identity-service","timestamp":"2025-02-25T11:42:03.323Z"}
{"level":"info","message":"Connected to mongodb","service":"identity-service","timestamp":"2025-02-25T11:42:03.370Z"}
{"level":"info","message":"Received POST request to /api/auth/login","service":"identity-service","timestamp":"2025-02-25T11:45:29.504Z"}
{"level":"info","message":"Request Body, [object Object]","service":"identity-service","timestamp":"2025-02-25T11:45:29.507Z"}
{"level":"info","message":"Login endpoint hit....","service":"identity-service","timestamp":"2025-02-25T11:45:29.515Z"}
{"level":"info","message":"identity service is running on port 3001","service":"identity-service","timestamp":"2025-03-03T08:41:17.791Z"}
{"level":"info","message":"Connected to mongodb","service":"identity-service","timestamp":"2025-03-03T08:41:17.867Z"}
